C:\Program Files\Microsoft Visual Studio\2022\Community\MSBuild\Microsoft\VC\v170\Microsoft.CppBuild.targets(517,5): warning MSB8028: The intermediate directory (Debug\) contains files shared from another project (Win32SimpleSample.vcxproj).  This can lead to incorrect clean and rebuild behavior.
  Game.cpp
C:\Users\jrope\OneDrive - Abertay University\Documents\Fork\CMP405-Tools-Coursework\WOFFCEdit\Game.cpp(28,20): warning C4305: '=': truncation from 'double' to 'float'
C:\Users\jrope\OneDrive - Abertay University\Documents\Fork\CMP405-Tools-Coursework\WOFFCEdit\Game.cpp(292,57): warning C4244: 'argument': conversion from 'double' to 'float', possible loss of data
C:\Users\jrope\OneDrive - Abertay University\Documents\Fork\CMP405-Tools-Coursework\WOFFCEdit\Game.cpp(291,57): warning C4244: 'argument': conversion from 'double' to 'float', possible loss of data
C:\Users\jrope\OneDrive - Abertay University\Documents\Fork\CMP405-Tools-Coursework\WOFFCEdit\Game.cpp(290,97): warning C4244: 'argument': conversion from 'double' to 'float', possible loss of data
C:\Users\jrope\OneDrive - Abertay University\Documents\Fork\CMP405-Tools-Coursework\WOFFCEdit\Game.cpp(276,10): warning C4101: 'Buffer': unreferenced local variable
C:\Users\jrope\OneDrive - Abertay University\Documents\Fork\CMP405-Tools-Coursework\WOFFCEdit\Game.cpp(522,82): warning C4244: 'argument': conversion from 'int' to 'float', possible loss of data
C:\Users\jrope\OneDrive - Abertay University\Documents\Fork\CMP405-Tools-Coursework\WOFFCEdit\Game.cpp(522,57): warning C4244: 'argument': conversion from 'int' to 'float', possible loss of data
C:\Users\jrope\OneDrive - Abertay University\Documents\Fork\CMP405-Tools-Coursework\WOFFCEdit\Game.cpp(523,81): warning C4244: 'argument': conversion from 'int' to 'float', possible loss of data
C:\Users\jrope\OneDrive - Abertay University\Documents\Fork\CMP405-Tools-Coursework\WOFFCEdit\Game.cpp(523,56): warning C4244: 'argument': conversion from 'int' to 'float', possible loss of data
C:\Users\jrope\OneDrive - Abertay University\Documents\Fork\CMP405-Tools-Coursework\WOFFCEdit\Game.cpp(526,20): warning C4018: '<': signed/unsigned mismatch
C:\Users\jrope\OneDrive - Abertay University\Documents\Fork\CMP405-Tools-Coursework\WOFFCEdit\Game.cpp(534,46): warning C4244: 'argument': conversion from 'double' to 'float', possible loss of data
C:\Users\jrope\OneDrive - Abertay University\Documents\Fork\CMP405-Tools-Coursework\WOFFCEdit\Game.cpp(533,147): warning C4244: 'argument': conversion from 'double' to 'float', possible loss of data
C:\Users\jrope\OneDrive - Abertay University\Documents\Fork\CMP405-Tools-Coursework\WOFFCEdit\Game.cpp(533,98): warning C4244: 'argument': conversion from 'double' to 'float', possible loss of data
C:\Users\jrope\OneDrive - Abertay University\Documents\Fork\CMP405-Tools-Coursework\WOFFCEdit\Game.cpp(540,111): warning C4244: 'argument': conversion from 'LONG' to 'float', possible loss of data
C:\Users\jrope\OneDrive - Abertay University\Documents\Fork\CMP405-Tools-Coursework\WOFFCEdit\Game.cpp(540,85): warning C4244: 'argument': conversion from 'LONG' to 'float', possible loss of data
C:\Users\jrope\OneDrive - Abertay University\Documents\Fork\CMP405-Tools-Coursework\WOFFCEdit\Game.cpp(542,109): warning C4244: 'argument': conversion from 'LONG' to 'float', possible loss of data
C:\Users\jrope\OneDrive - Abertay University\Documents\Fork\CMP405-Tools-Coursework\WOFFCEdit\Game.cpp(542,83): warning C4244: 'argument': conversion from 'LONG' to 'float', possible loss of data
C:\Users\jrope\OneDrive - Abertay University\Documents\Fork\CMP405-Tools-Coursework\WOFFCEdit\Game.cpp(549,21): warning C4018: '<': signed/unsigned mismatch
C:\Users\jrope\OneDrive - Abertay University\Documents\Fork\CMP405-Tools-Coursework\WOFFCEdit\Game.cpp(628,44): warning C4305: 'argument': truncation from 'double' to 'float'
  Win32SimpleSample.vcxproj -> C:\Users\jrope\OneDrive - Abertay University\Documents\Fork\CMP405-Tools-Coursework\WOFFCEdit\Debug\WoFEdit.exe
